<?xml version="1.0" encoding="UTF-8"?>
<testsuite xmlns:xsi="http://www.w3.org/2001/XMLSchema-instance" xsi:noNamespaceSchemaLocation="https://maven.apache.org/surefire/maven-surefire-plugin/xsd/surefire-test-report.xsd" name="com.photon.vms.controller.FinanceControllerTest" time="6.65" tests="3" errors="0" skipped="0" failures="0">
  <properties>
[...]
</properties>
  <testcase name="getFinaceLeaveReport" classname="com.photon.vms.controller.FinanceControllerTest" time="0.115"/>
  <testcase name="searchHierarchy" classname="com.photon.vms.controller.FinanceControllerTest" time="0.177"/>
  <testcase name="getReportDropDown" classname="com.photon.vms.controller.FinanceControllerTest" time="0.14"/>
</testsuite>